  ExecutableFile.cpp
d:\studying\inf and plap\plap_vm\goosevm\interpreter\binaryfilereader.hpp(21): warning C4267: 'initializing': conversion from 'size_t' to 'int', possible loss of data
  d:\studying\inf and plap\plap_vm\goosevm\interpreter\executablefile.cpp(30): note: see reference to function template instantiation 'BinaryFileReader &BinaryFileReader::operator >><uint32_t>(T &)' being compiled
          with
          [
              T=uint32_t
          ]
  c:\program files (x86)\microsoft visual studio\2017\community\vc\tools\msvc\14.11.25503\include\xstring(2007): note: see reference to function template instantiation 'std::_String_alloc<std::_String_base_types<_Elem,_Alloc>>::_String_alloc<const _Alloc&,void>(_Any_alloc)' being compiled
          with
          [
              _Elem=wchar_t,
              _Alloc=std::allocator<wchar_t>,
              _Any_alloc=const std::allocator<wchar_t> &
          ]
  c:\program files (x86)\microsoft visual studio\2017\community\vc\tools\msvc\14.11.25503\include\xstring(2006): note: see reference to function template instantiation 'std::_String_alloc<std::_String_base_types<_Elem,_Alloc>>::_String_alloc<const _Alloc&,void>(_Any_alloc)' being compiled
          with
          [
              _Elem=wchar_t,
              _Alloc=std::allocator<wchar_t>,
              _Any_alloc=const std::allocator<wchar_t> &
          ]
  c:\program files (x86)\microsoft visual studio\2017\community\vc\tools\msvc\14.11.25503\include\string(516): note: see reference to function template instantiation 'std::basic_string<wchar_t,std::char_traits<wchar_t>,std::allocator<wchar_t>>::basic_string<_Elem*,void>(_Iter,_Iter,const _Alloc &)' being compiled
          with
          [
              _Elem=wchar_t,
              _Iter=wchar_t *,
              _Alloc=std::allocator<wchar_t>
          ]
  c:\program files (x86)\microsoft visual studio\2017\community\vc\tools\msvc\14.11.25503\include\string(516): note: see reference to function template instantiation 'std::basic_string<wchar_t,std::char_traits<wchar_t>,std::allocator<wchar_t>>::basic_string<_Elem*,void>(_Iter,_Iter,const _Alloc &)' being compiled
          with
          [
              _Elem=wchar_t,
              _Iter=wchar_t *,
              _Alloc=std::allocator<wchar_t>
          ]
  c:\program files (x86)\microsoft visual studio\2017\community\vc\tools\msvc\14.11.25503\include\string(596): note: see reference to function template instantiation 'std::basic_string<wchar_t,std::char_traits<wchar_t>,std::allocator<wchar_t>> std::_Integral_to_string<wchar_t,int>(const _Ty)' being compiled
          with
          [
              _Ty=int
          ]
  Skipping... (no relevant changes detected)
  Machine.cpp
  Interpreter.cpp
  BinaryFileReader.cpp
  Arguments.cpp
  Interpreter.vcxproj -> D:\Studying\Inf and PLAP\plap_vm\goosevm\x64\Debug\Interpreter.exe
